GROUP,PACKAGE,CLASS,INSTRUCTION_MISSED,INSTRUCTION_COVERED,BRANCH_MISSED,BRANCH_COVERED,LINE_MISSED,LINE_COVERED,COMPLEXITY_MISSED,COMPLEXITY_COVERED,METHOD_MISSED,METHOD_COVERED
smartstock-bff-service,com.osanzana.smartstock.bff.config,SecurityConfig,47,0,0,0,8,0,5,0,5,0
smartstock-bff-service,com.osanzana.smartstock.bff.config,WebClientConfig,27,0,0,0,5,0,5,0,5,0
smartstock-bff-service,com.osanzana.smartstock.bff.config,OpenApiConfig,3,0,0,0,1,0,1,0,1,0
smartstock-bff-service,com.osanzana.smartstock.bff,BffApplication,8,0,0,0,3,0,2,0,2,0
smartstock-bff-service,com.osanzana.smartstock.bff.clients,SmartStockClient,151,0,0,0,34,0,6,0,6,0
smartstock-bff-service,com.osanzana.smartstock.bff.security,JwtAuthenticationFilter,78,0,10,0,19,0,7,0,2,0
smartstock-bff-service,com.osanzana.smartstock.bff.security,SecurityConfig,48,0,0,0,10,0,3,0,3,0
smartstock-bff-service,com.osanzana.smartstock.bff.security,JwtUtils,74,0,4,0,17,0,11,0,9,0
smartstock-bff-service,com.osanzana.smartstock.bff.web,BffController,0,74,0,0,0,16,0,6,0,6
